Beta/android/build/outputs/logs/manifest-merger-debug-report.txt
-- Merging decision tree log ---
manifest
ADDED from Beta/android/AndroidManifest.xml:2:1-26:12
INJECTED from Beta/android/AndroidManifest.xml:2:1-26:12
INJECTED from Beta/android/AndroidManifest.xml:2:1-26:12
INJECTED from Beta/android/AndroidManifest.xml:2:1-26:12
INJECTED from Beta/android/AndroidManifest.xml:2:1-26:12
INJECTED from Beta/android/AndroidManifest.xml:2:1-26:12
INJECTED from Beta/android/AndroidManifest.xml:2:1-26:12
	package
		ADDED from Beta/android/AndroidManifest.xml:3:5-29
		INJECTED from Beta/android/AndroidManifest.xml
		INJECTED from Beta/android/AndroidManifest.xml
	android:versionName
		INJECTED from Beta/android/AndroidManifest.xml
		ADDED from Beta/android/AndroidManifest.xml:2:1-26:12
		INJECTED from Beta/android/AndroidManifest.xml
	android:versionCode
		INJECTED from Beta/android/AndroidManifest.xml
		ADDED from Beta/android/AndroidManifest.xml:2:1-26:12
		INJECTED from Beta/android/AndroidManifest.xml
	xmlns:android
		ADDED from Beta/android/AndroidManifest.xml:2:11-69
application
ADDED from Beta/android/AndroidManifest.xml:5:5-24:19
	android:label
		ADDED from Beta/android/AndroidManifest.xml:12:9-41
	android:appCategory
		ADDED from Beta/android/AndroidManifest.xml:11:9-35
	android:icon
		ADDED from Beta/android/AndroidManifest.xml:9:9-45
	android:allowBackup
		ADDED from Beta/android/AndroidManifest.xml:8:9-35
	android:theme
		ADDED from Beta/android/AndroidManifest.xml:13:9-40
	android:isGame
		ADDED from Beta/android/AndroidManifest.xml:10:9-30
	android:usesCleartextTraffic
		ADDED from Beta/android/AndroidManifest.xml:6:9-44
activity#com.mygdx.game.AndroidLauncher
ADDED from Beta/android/AndroidManifest.xml:14:9-23:20
	android:screenOrientation
		ADDED from Beta/android/AndroidManifest.xml:17:13-50
	android:label
		ADDED from Beta/android/AndroidManifest.xml:16:13-45
	android:configChanges
		ADDED from Beta/android/AndroidManifest.xml:18:13-107
	android:name
		ADDED from Beta/android/AndroidManifest.xml:15:13-58
intent-filter#action:name:android.intent.action.MAIN+category:name:android.intent.category.LAUNCHER
ADDED from Beta/android/AndroidManifest.xml:19:13-22:29
action#android.intent.action.MAIN
ADDED from Beta/android/AndroidManifest.xml:20:17-69
	android:name
		ADDED from Beta/android/AndroidManifest.xml:20:25-66
category#android.intent.category.LAUNCHER
ADDED from Beta/android/AndroidManifest.xml:21:17-77
	android:name
		ADDED from Beta/android/AndroidManifest.xml:21:27-74
uses-sdk
INJECTED from Beta/android/AndroidManifest.xml reason: use-sdk injection requested
INJECTED from Beta/android/AndroidManifest.xml
INJECTED from Beta/android/AndroidManifest.xml
INJECTED from Beta/android/AndroidManifest.xml
INJECTED from Beta/android/AndroidManifest.xml
	android:targetSdkVersion
		INJECTED from Beta/android/AndroidManifest.xml
		ADDED from Beta/android/AndroidManifest.xml
		INJECTED from Beta/android/AndroidManifest.xml
	android:minSdkVersion
		INJECTED from Beta/android/AndroidManifest.xml
		ADDED from Beta/android/AndroidManifest.xml
		INJECTED from Beta/android/AndroidManifest.xml